<?xml version="1.0" encoding="utf-8"?><testsuites><testsuite errors="0" failures="1" hostname="Jimmyui-MacBookPro.local" name="pytest" skipped="0" tests="7" time="28.236" timestamp="2022-04-25T23:25:36.205344"><testcase classname="tests.scripts.gp.test_home_page.TestHome" name="test_page_load" time="5.608" /><testcase classname="tests.scripts.gp.test_home_page.TestHome" name="test_something" time="7.652"><failure message="AssertionError: assert 'asdasd' in 'WEBZEN | Free to Play MMORPG Portal'&#10; +  where 'WEBZEN | Free to Play MMORPG Portal' = &lt;bound method BasePage.get_title of &lt;pages.gp.HomePage.HomePage object at 0x106596898&gt;&gt;()&#10; +    where &lt;bound method BasePage.get_title of &lt;pages.gp.HomePage.HomePage object at 0x106596898&gt;&gt; = &lt;pages.gp.HomePage.HomePage object at 0x106596898&gt;.get_title">self = &lt;test_home_page.TestHome object at 0x106c75c88&gt;

    @allure.step
    @pytest.mark.gp
    def test_something(self):
      home_page = HomePage(self.driver)
&gt;     assert 'asdasd' in home_page.get_title()
E     AssertionError: assert 'asdasd' in 'WEBZEN | Free to Play MMORPG Portal'
E      +  where 'WEBZEN | Free to Play MMORPG Portal' = &lt;bound method BasePage.get_title of &lt;pages.gp.HomePage.HomePage object at 0x106596898&gt;&gt;()
E      +    where &lt;bound method BasePage.get_title of &lt;pages.gp.HomePage.HomePage object at 0x106596898&gt;&gt; = &lt;pages.gp.HomePage.HomePage object at 0x106596898&gt;.get_title

tests/scripts/gp/test_home_page.py:22: AssertionError</failure></testcase><testcase classname="tests.scripts.gp.test_home_page.TestHome" name="test_bi_click" time="5.800" /><testcase classname="tests.scripts.gp.test_login_page.TestLogin" name="test_login_page_load" time="5.134" /><testcase classname="tests.scripts.gp.test_login_page.TestLogin" name="test_login_page_ui_loaded" time="0.349" /><testcase classname="tests.scripts.gp.test_login_page.TestLogin" name="test_invalid_login" time="0.814" /><testcase classname="tests.scripts.gp.test_login_page.TestLogin" name="test_valid_login" time="2.235" /></testsuite></testsuites>